make all --print-data-base --no-builtin-variables --no-builtin-rules --question
Using Compiler at: /home/kjb/Public Workspace/MegaCoreX/megaavr/bootloaders/optiboot/"/home/kjb/Public /home/kjb/Public Workspace/MegaCoreX/megaavr/bootloaders/optiboot/Workspace/arduino-1.8.19/hardware/tools/avr/bin/"avr-gcc
# GNU Make 4.2.1
# Built for x86_64-suse-linux-gnu
# Copyright (C) 1988-2016 Free Software Foundation, Inc.
# License GPLv3+: GNU GPL version 3 or later <http://gnu.org/licenses/gpl.html>
# This is free software: you are free to change and redistribute it.
# There is NO WARRANTY, to the extent permitted by law.

# Make data base, printed on Tue Jun 28 11:21:33 2022

# Variables

# automatic
<D = $(patsubst %/,%,$(dir $<))
# automatic
?F = $(notdir $?)
# environment
DESKTOP_SESSION = /usr/share/xsessions/plasma5
# makefile (from 'parse_options.mk', line 128)
COMMON_OPTIONS = $(BIGBOOT_CMD) $(APPSPM_CMD) $(VERSION_CMD) $(SUPPORT_EEPROM_CMD)
# default
.SHELLFLAGS := -c
# makefile (from 'Makefile', line 75)
AVRDUDE_PORT = /dev/ttyUSB0
# environment
XDG_SESSION_CLASS = user
# makefile (from 'Makefile', line 71)
SIZE = $(GCCROOT)avr-size
# makefile (from 'Makefile', line 77)
AVRDUDE_MCU = m3208
# environment
XDG_SESSION_TYPE = x11
# environment
VSCODE_LOG_NATIVE = false
# environment
GTK3_MODULES = unity-gtk-module
# automatic
?D = $(patsubst %/,%,$(dir $?))
# environment
JAVA_ROOT = /usr/lib64/jvm/java
# automatic
@D = $(patsubst %/,%,$(dir $@))
# environment
XAUTHORITY = /home/kjb/.Xauthority
# automatic
@F = $(notdir $@)
# environment
XMODIFIERS = @im=local
# makefile
CURDIR := /home/kjb/Public Workspace/MegaCoreX/megaavr/bootloaders/optiboot
# makefile
SHELL = /bin/sh
# environment
CONFIG_SITE = /usr/share/site/x86_64-unknown-linux-gnu
# environment
VSCODE_NLS_CONFIG = {"locale":"en-us","availableLanguages":{},"_languagePackSupport":true}
# environment
_ = /usr/bin/make
# environment
QT_AUTO_SCREEN_SCALE_FACTOR = 0
# 'override' directive (from 'Makefile', line 62)
CFLAGS = -g -Wall $(OPTIMIZE)
# makefile (from 'Makefile', line 82)
AVRDUDE_FLAGS = -C $(AVRDUDE_CONF) -p $(AVRDUDE_MCU) -P $(AVRDUDE_PORT) -b $(AVRDUDE_BAUD) $(AVRDUDE_NO_VERIFY)
# environment
XDG_CONFIG_DIRS = /etc/xdg
# environment
LESSOPEN = lessopen.sh %s
# makefile (from 'parse_options.mk', line 1)
MAKEFILE_LIST :=  Makefile parse_options.mk
# environment
MINICOM = -c on
# 'override' directive
GNUMAKEFLAGS := 
# environment
XDG_DATA_DIRS = /home/kjb/.local/share/flatpak/exports/share:/var/lib/flatpak/exports/share:/usr/local/share:/usr/share:/var/lib/snapd/desktop
# environment
XSESSION_IS_UP = yes
# environment
DBUS_SESSION_BUS_ADDRESS = unix:path=/run/user/1000/bus
# environment
VSCODE_VERBOSE_LOGGING = true
# makefile (from 'Makefile', line 48)
CC = $(GCCROOT)avr-gcc
# makefile (from 'Makefile', line 76)
AVRDUDE_BAUD = $(BAUD_RATE)
# environment
MACHTYPE = x86_64-suse-linux
# environment
QT_SCREEN_SCALE_FACTORS = eDP-1=1;HDMI-1=1;
# environment
VSCODE_IPC_HOOK_EXTHOST = /run/user/1000/vscode-ipc-0939f237-897a-440b-b54f-45f8830189ac.sock
# environment
MAIL = /var/spool/mail/kjb
# environment
VSCODE_CWD = /home/kjb
# makefile (from 'Makefile', line 49)
RCC = $(abspath $(CC))
# environment
XDG_SESSION_PATH = /org/freedesktop/DisplayManager/Session1
# default
MAKE_HOST := x86_64-suse-linux-gnu
# environment
PATH = /home/kjb/.nvm/versions/node/v14.18.2/bin:/home/kjb/.local/bin:/home/kjb/bin:/usr/local/bin:/usr/bin:/bin:/snap/bin
# environment
define BASH_FUNC_mc%%
() {  . /usr/share/mc/mc-wrapper.sh
}
endef
# makefile (from 'parse_options.mk', line 87)
dummy = FORCE
# environment
XCURSOR_THEME = breeze_cursors
# environment
SESSION_MANAGER = local/finmon-kjb:@/tmp/.ICE-unix/3429,unix/finmon-kjb:/tmp/.ICE-unix/3429
# environment
XDG_RUNTIME_DIR = /run/user/1000
# environment
UBUNTU_MENUPROXY = 1
# environment
NVM_BIN = /home/kjb/.nvm/versions/node/v14.18.2/bin
# makefile (from 'Makefile', line 72)
AVRDUDE = $(AVRDUDE_PATH)avrdude
# environment
JAVA_BINDIR = /usr/lib64/jvm/java/bin
# makefile (from 'parse_options.mk', line 58)
LED_START_FLASHES_CMD = -DLED_START_FLASHES=0
# environment
VSCODE_LOG_STACK = false
# environment
ELECTRON_RUN_AS_NODE = 1
# 'override' directive (from 'Makefile', line 63)
LDFLAGS = $(LDSECTIONS) -Wl,--relax -nostartfiles -nostdlib
# default
.FEATURES := target-specific order-only second-expansion else-if shortest-stem undefine oneshell archives jobserver output-sync check-symlink load
# environment
G_BROKEN_FILENAMES = 1
# makefile (from 'Makefile', line 28)
BOOT_SIZE = $(BOOTEND_FUSE)00
# environment
LS_COLORS = no=00:fi=00:di=01;34:ln=00;36:pi=40;33:so=01;35:do=01;35:bd=40;33;01:cd=40;33;01:or=41;33;01:ex=00;32:*.cmd=00;32:*.exe=01;32:*.com=01;32:*.bat=01;32:*.btm=01;32:*.dll=01;32:*.tar=00;31:*.tbz=00;31:*.tgz=00;31:*.rpm=00;31:*.deb=00;31:*.arj=00;31:*.taz=00;31:*.lzh=00;31:*.lzma=00;31:*.zip=00;31:*.zoo=00;31:*.z=00;31:*.Z=00;31:*.gz=00;31:*.bz2=00;31:*.tb2=00;31:*.tz2=00;31:*.tbz2=00;31:*.xz=00;31:*.avi=01;35:*.bmp=01;35:*.dl=01;35:*.fli=01;35:*.gif=01;35:*.gl=01;35:*.jpg=01;35:*.jpeg=01;35:*.mkv=01;35:*.mng=01;35:*.mov=01;35:*.mp4=01;35:*.mpg=01;35:*.pcx=01;35:*.pbm=01;35:*.pgm=01;35:*.png=01;35:*.ppm=01;35:*.svg=01;35:*.tga=01;35:*.tif=01;35:*.webm=01;35:*.webp=01;35:*.wmv=01;35:*.xbm=01;35:*.xcf=01;35:*.xpm=01;35:*.aiff=00;32:*.ape=00;32:*.au=00;32:*.flac=00;32:*.m4a=00;32:*.mid=00;32:*.mp3=00;32:*.mpc=00;32:*.ogg=00;32:*.voc=00;32:*.wav=00;32:*.wma=00;32:*.wv=00;32:
# environment
XDG_SESSION_DESKTOP = KDE
# environment
SSH_AUTH_SOCK = /tmp/ssh-Sq0vnFHhPv1E/agent.3086
# environment
JDK_HOME = /usr/lib64/jvm/java
# automatic
%F = $(notdir $%)
# environment
DISPLAY = :0
# makefile (from 'parse_options.mk', line 141)
POR = -DSTART_APP_ON_POR
# makefile (from 'Makefile', line 34)
BOOTFLAGS = -DBOOTEND_FUSE=$(BOOTEND_FUSE) -DBOOT_SIZE=$(BOOT_SIZE)
# environment
GTK_IM_MODULE = cedilla
# environment
VSCODE_PIPE_LOGGING = true
# environment
HOME = /home/kjb
# environment
PWD = /home/kjb/Public Workspace/MegaCoreX/megaavr/bootloaders/optiboot
# environment
KDE_SESSION_VERSION = 5
# default
.LOADED := 
# environment
QEMU_AUDIO_DRV = pa
# environment
XDG_SEAT = seat0
# environment
SSH_AGENT_PID = 3371
# environment
ORIGINAL_XDG_CURRENT_DESKTOP = KDE
# environment
AUDIODRIVER = pulseaudio
# environment
GTK_MODULES = canberra-gtk-module
# environment
MANPATH = /home/kjb/.nvm/versions/node/v14.18.2/share/man:/usr/local/man:/usr/local/share/man:/usr/share/man
# makefile (from 'parse_options.mk', line 125)
LED_OPTIONS = $(LED_START_FLASHES_CMD) $(LED_DATA_FLASH_CMD) $(LED_CMD) $(LED_START_ON_CMD) $(LEDINV_CMD)
# environment
VSCODE_AMD_ENTRYPOINT = vs/workbench/api/node/extensionHostProcess
# environment
LIBVA_DRIVER_NAME = iHD
# environment
LESSCLOSE = lessclose.sh %s %s
# environment
LESSKEY = /etc/lesskey.bin
# environment
VSCODE_CODE_CACHE_PATH = /home/kjb/.config/Code/CachedData/c3511e6c69bb39013c4a4b7b9566ec1ca73fc4d5
# environment
LOGNAME = kjb
# environment
G_FILENAME_ENCODING = @locale,UTF-8,ISO-8859-15,CP1252
# environment
APPLICATION_INSIGHTS_NO_DIAGNOSTIC_CHANNEL = 1
# environment
NVM_CD_FLAGS = 
# environment
SDK_HOME = /usr/lib64/jvm/java
# environment
KDE_FULL_SESSION = true
# makefile (from 'Makefile', line 27)
BOOTEND_FUSE = 0x02
# environment
QT_IM_SWITCHER = imsw-multi
# environment
VSCODE_HANDLES_UNCAUGHT_ERRORS = true
# default
MAKE_VERSION := 4.2.1
# automatic
^D = $(patsubst %/,%,$(dir $^))
# environment
HOSTNAME = finmon-kjb
# environment
XDG_VTNR = 7
# environment
MAKELEVEL := 0
# environment
SSH_ASKPASS = /usr/lib/ssh/ssh-askpass
# environment
COLORTERM = 1
# default
MAKE = $(MAKE_COMMAND)
# makefile (from 'parse_options.mk', line 86)
BAUD_RATE_CMD = -DBAUD_RATE=$(BAUD_RATE)
# default
MAKECMDGOALS := all
# environment
QT_IM_MODULE = xim
# environment
OSTYPE = linux
# environment
XKEYSYMDB = /usr/X11R6/lib/X11/XKeysymDB
# environment
SHLVL = 2
# makefile (from 'parse_options.mk', line 126)
CPU_OPTIONS = $(RESETPIN_CMD) $(TIMEOUT_CMD) $(FCPU_CMD)
# environment
JRE_HOME = /usr/lib64/jvm/java/jre
# makefile (from 'Makefile', line 30)
LDSECTIONS = -Wl,-section-start=.text=0x00 -Wl,--section-start=.application=$(BOOT_SIZE) -Wl,--section-start=.version=0x$(shell echo $$(( $(BOOTEND_FUSE) - 1 )))FE
# environment
WINDOWMANAGER = /usr/bin/startplasma-x11
# environment
LESS_ADVANCED_PREPROCESSOR = no
# environment
JAVA_HOME = /usr/lib64/jvm/java
# environment
XDG_SESSION_ID = 4
# environment
USER = kjb
# environment
LS_OPTIONS = -N --color=tty -T 0
# makefile
.DEFAULT_GOAL := flash
# makefile (from 'Makefile', line 40)
INCLUDE = /opt/microchip/xc8/v2.32/avr/avr/include/
# environment
XDG_CURRENT_DESKTOP = KDE
# environment
LESS = -M -I -R
# automatic
%D = $(patsubst %/,%,$(dir $%))
# environment
CPU = x86_64
# makefile (from 'Makefile', line 41)
DFP_PATH = /opt/microchip/mplabx/v5.50/packs/Microchip/ATmega_DFP/2.3.126
# makefile (from 'Makefile', line 39)
GCCROOT = "/home/kjb/Public Workspace/arduino-1.8.19/hardware/tools/avr/bin/"
# environment
NVM_INC = /home/kjb/.nvm/versions/node/v14.18.2/include/node
# default
MAKE_COMMAND := make
# environment
PROFILEREAD = true
# makefile (from 'Makefile', line 91)
LISTING = $(OBJDUMP) -S 
# default
 
make: *** No rule to make target 'all'.  Stop.

.VARIABLES := 
# environment
CVS_RSH = ssh
# automatic
*F = $(notdir $*)
# environment
XDG_SEAT_PATH = /org/freedesktop/DisplayManager/Seat0
# environment
VSCODE_IPC_HOOK = /run/user/1000/vscode-017b6060-1.67.2-main.sock
# makefile (from 'Makefile', line 15)
PROGRAM = optiboot_x
# makefile (from 'Makefile', line 58)
OPTIMIZE = -Os -fno-split-wide-types -mrelax
# makefile
MAKEFLAGS = pqrR
# makefile (from 'parse_options.mk', line 138)
UART_OPTIONS = $(UART_CMD) $(BAUD_RATE_CMD) $(SOFT_UART_CMD) $(SS_CMD)
# environment
MFLAGS = -pqrR
# automatic
*D = $(patsubst %/,%,$(dir $*))
# environment
NVM_DIR = /home/kjb/.nvm
# makefile (from 'Makefile', line 36)
BAUD_RATE = 115200
# makefile (from 'Makefile', line 74)
AVRDUDE_PROGRAMMER = atmelice_updi
# automatic
+D = $(patsubst %/,%,$(dir $+))
# makefile (from 'Makefile', line 70)
OBJDUMP = $(GCCROOT)avr-objdump
# environment
GDK_BACKEND = x11
# automatic
+F = $(notdir $+)
# environment
GTK2_MODULES = unity-gtk-module
# environment
KDE_SESSION_UID = 1000
# makefile (from 'Makefile', line 16)
MF :=  Makefile
# environment
PYTHONSTARTUP = /etc/pythonstart
# environment
NO_AT_BRIDGE = 1
# default
MAKEFILES := 
# makefile (from 'Makefile', line 99)
START_APP_ON_POR = 1
# automatic
<F = $(notdir $<)
# environment
XAUTHLOCALHOSTNAME = finmon-kjb
# environment
CSHEDIT = emacs
# makefile (from 'Makefile', line 78)
AVRDUDE_CONF = "/home/kjb/Public Workspace/MegaCoreX/megaavr/avrdude.conf"
# environment
PAGER = less
# environment
LC_ALL = C
# environment
HOSTTYPE = x86_64
# automatic
^F = $(notdir $^)
# makefile (from 'Makefile', line 69)
OBJCOPY = $(GCCROOT)avr-objcopy
# environment
FROM_HEADER = 
# default
SUFFIXES := 
# environment
HISTSIZE = 100000
# makefile (from 'Makefile', line 11)
HELPTEXT = "\n"
# environment
CHROME_DESKTOP = code-url-handler.desktop
# environment
XNLSPATH = /usr/share/X11/nls
# default
.INCLUDE_DIRS = /usr/include /usr/local/include /usr/include
# environment
MORE = -sl
# environment
SDL_AUDIODRIVER = pulse
# default
.RECIPEPREFIX := 
# environment
GPG_TTY = not a tty
# environment
LANG = C
# environment
TERM = xterm
# environment
QT_SYSTEM_DIR = /usr/share/desktop-data
# environment
VSCODE_PID = 5606
# environment
HOST = finmon-kjb
# variable set hash-table stats:
# Load=183/1024=18%, Rehash=0, Collisions=32/262=12%

# Pattern-specific Variable Values

# No pattern-specific variable values.

# Directories

# . (device 65025, inode 10641876): 23 files, no impossibilities.

# 23 files, no impossibilities in 1 directories.

# Implicit Rules

optiboot_%.hex: optiboot_%.elf
#  recipe to execute (from 'Makefile', line 156):
	$(OBJCOPY) -j .text -j .data -j .version --set-section-flags .version=alloc,load -O ihex $< $@

%.hex: %.elf
#  recipe to execute (from 'Makefile', line 159):
	$(OBJCOPY) -j .text -j .data -j .version --set-section-flags .version=alloc,load -O ihex $< $@	
	$(SIZE) $@

%_fuses.hex: %.elf
#  recipe to execute (from 'Makefile', line 163):
	$(OBJCOPY) -j --section=.fuse -O ihex $< $@

%.elf: optiboot_x_mod.c FORCE
#  recipe to execute (from 'Makefile', line 166):
	@echo "Compile elf"
	$(CC) $(CFLAGS) $(CPU_OPTIONS) $(LED_OPTIONS) $(UART_OPTIONS) $(COMMON_OPTIONS) $(POR) $(BOOTFLAGS) $(LDFLAGS) $(PACK_OPT) -Wl,-Map="optiboot_x.map" -mmcu=$(MCU) -o $@ $<

%.lst: %.elf FORCE
#  recipe to execute (from 'Makefile', line 215):
	$(OBJDUMP) -h -S $< > $@

%.srec: %.elf FORCE
#  recipe to execute (from 'Makefile', line 218):
	$(OBJCOPY) -j .text -j .data -j .version --set-section-flags .version=alloc,load -O srec $< $@

%.bin: %.elf FORCE
#  recipe to execute (from 'Makefile', line 221):
	$(OBJCOPY) -j .text -j .data -j .version --set-section-flags .version=alloc,load -O binary $< $@

# 7 implicit rules, 0 (0.0%) terminal.

# Files

# Not a target:
bootloaders/mega0/115200/Optiboot_mega0_UART__115200_.lst:
#  Implicit rule search has not been done.
#  Modification time never checked.
#  File has not been updated.

# Not a target:
all:
#  Command line target.
#  Implicit rule search has been done.
#  File does not exist.
#  File has not been updated.

FORCE:
#  Implicit rule search has not been done.
#  Modification time never checked.
#  File has not been updated.

# Not a target:
%.hex:
#  Implicit rule search has not been done.
#  Modification time never checked.
#  File has not been updated.

.PHONY: mega0 install
#  Implicit rule search has not been done.
#  Modification time never checked.
#  File has not been updated.

.PRECIOUS: %.elf %.lst %.map
#  Implicit rule search has not been done.
#  Modification time never checked.
#  File has not been updated.

# Not a target:
Makefile:
#  Implicit rule search has been done.
#  Last modified 2022-06-28 10:30:13.550243606
#  File has been updated.
#  Successfully updated.

# Not a target:
%.elf:
#  Precious file (prerequisite of .PRECIOUS).
#  Implicit rule search has not been done.
#  Modification time never checked.
#  File has not been updated.

writebootend:
#  Implicit rule search has not been done.
#  Modification time never checked.
#  File has not been updated.
#  recipe to execute (from 'Makefile', line 173):
	$(AVRDUDE) $(AVRDUDE_FLAGS) -U fuses:w:$(BOOTEND_FUSE):m

# makefile (from 'Makefile', line 187)
mega0: MCU = atmega4809
mega0: bootloaders/mega0/115200/Optiboot_mega0_UART__115200_.hex bootloaders/mega0/115200/Optiboot_mega0_UART__115200__fuses.hex bootloaders/mega0/115200/Optiboot_mega0_UART__115200_.lst
#  Phony target (prerequisite of .PHONY).
#  Implicit rule search has not been done.
#  File does not exist.
#  File has not been updated.
# variable set hash-table stats:
# Load=1/32=3%, Rehash=0, Collisions=0/1=0%

# Not a target:
%.map:
#  Precious file (prerequisite of .PRECIOUS).
#  Implicit rule search has not been done.
#  Modification time never checked.
#  File has not been updated.

# Not a target:
bootloaders/mega0/115200/Optiboot_mega0_UART__115200_.hex:
#  Implicit rule search has not been done.
#  Modification time never checked.
#  File has not been updated.

# Not a target:
.DEFAULT:
#  Implicit rule search has not been done.
#  Modification time never checked.
#  File has not been updated.

clean_asm:
#  Implicit rule search has not been done.
#  Modification time never checked.
#  File has not been updated.
#  recipe to execute (from 'Makefile', line 212):
	rm -rf *.lst

clean:
#  Implicit rule search has not been done.
#  Modification time never checked.
#  File has not been updated.
#  recipe to execute (from 'Makefile', line 206):
	@touch  __temp_.o __temp_.elf __temp_.lst __temp_.map
	@touch  __temp_.sym __temp_.lss __temp_.eep __temp_.srec
	@touch __temp_.bin __temp_.hex __temp_.tmp.sh
	rm -rf *.o *.elf *.lst *.map *.sym *.lss *.eep *.srec *.bin *.hex *.tmp.sh

# Not a target:
%.lst:
#  Precious file (prerequisite of .PRECIOUS).
#  Implicit rule search has not been done.
#  Modification time never checked.
#  File has not been updated.

flash: %.hex
#  Implicit rule search has not been done.
#  Modification time never checked.
#  File has not been updated.
#  recipe to execute (from 'Makefile', line 170):
	$(AVRDUDE) $(AVRDUDE_FLAGS) -U flash:w:$<.hex:i
	

# Not a target:
bootloaders/mega0/115200/Optiboot_mega0_UART__115200__fuses.hex:
#  Implicit rule search has not been done.
#  Modification time never checked.
#  File has not been updated.

# Not a target:
parse_options.mk:
#  Implicit rule search has been done.
#  Last modified 2022-06-21 15:48:12.926609031
#  File has been updated.
#  Successfully updated.

install: mega0
#  Phony target (prerequisite of .PHONY).
#  Implicit rule search has not been done.
#  File does not exist.
#  File has not been updated.
#  recipe to execute (from 'Makefile', line 194):
 
	avrdude -p m3208 -c atmelice_updi -U flash:w:bootloaders/mega0/$(BAUD_RATE)/Optiboot_mega0_UART$(UART)_$(UARTMUX)_$(BAUD_RATE)_$(LED).hex:i

# files hash-table stats:
# Load=21/1024=2%, Rehash=0, Collisions=1/49=2%
# VPATH Search Paths

# No 'vpath' search paths.

# No general ('VPATH' variable) search path.

# strcache buffers: 1 (0) / strings = 49 / storage = 618 B / avg = 12 B
# current buf: size = 8162 B / used = 618 B / count = 49 / avg = 12 B

# strcache performance: lookups = 89 / hit rate = 44%
# hash-table stats:
# Load=49/8192=1%, Rehash=0, Collisions=1/89=1%
# Finished Make data base on Tue Jun 28 11:21:33 2022

 
